::1 - - [12/Jan/2018:09:04:07 +0000] "GET / HTTP/1.1" 304 -
::1 - - [12/Jan/2018:09:04:07 +0000] "GET /static/static/css/app.0a6a37cb257f8e043b767e423b7ea6c7.css HTTP/1.1" 304 -
::1 - - [12/Jan/2018:09:04:07 +0000] "GET /static/static/js/manifest.54397e33541d9004b38a.js HTTP/1.1" 304 -
::1 - - [12/Jan/2018:09:04:07 +0000] "GET /static/static/js/vendor.f21ee28d2fe1acb2f567.js HTTP/1.1" 304 -
::1 - - [12/Jan/2018:09:04:07 +0000] "GET /static/static/js/app.b393ed32a8cfaa472a9b.js HTTP/1.1" 304 -
::1 - - [12/Jan/2018:09:04:08 +0000] "GET /static/static/img/logo.cce67f8.gif HTTP/1.1" 304 -
::1 - - [12/Jan/2018:09:09:43 +0000] "POST /uploadGif HTTP/1.1" 200 201
::1 - - [12/Jan/2018:09:09:43 +0000] "GET /product/341e3a0334e7cb834c7ba0c91c321b56mini-eyes_roll.gif HTTP/1.1" 200 2989604
::1 - - [12/Jan/2018:09:09:56 +0000] "POST /uploadGif HTTP/1.1" 200 201
::1 - - [12/Jan/2018:09:09:56 +0000] "GET /product/ce8079be8a32754ee5b520a4f4d0d0d1mini-eyes_roll.gif HTTP/1.1" 200 2755922
::1 - - [12/Jan/2018:09:10:06 +0000] "POST /uploadGif HTTP/1.1" 200 201
::1 - - [12/Jan/2018:09:10:06 +0000] "GET /product/474cb8a4743fb08f0fe91d7ee301592bmini-eyes_roll.gif HTTP/1.1" 200 1312935
::1 - - [12/Jan/2018:09:10:15 +0000] "POST /uploadGif HTTP/1.1" 200 201
::1 - - [12/Jan/2018:09:10:15 +0000] "GET /product/ff36dbf6a673d25dd8b1433d9882be7cmini-eyes_roll.gif HTTP/1.1" 200 1174589
::1 - - [12/Jan/2018:09:10:22 +0000] "GET / HTTP/1.1" 304 -
::1 - - [12/Jan/2018:09:10:22 +0000] "GET /static/static/css/app.0a6a37cb257f8e043b767e423b7ea6c7.css HTTP/1.1" 304 -
::1 - - [12/Jan/2018:09:10:22 +0000] "GET /static/static/js/manifest.54397e33541d9004b38a.js HTTP/1.1" 304 -
::1 - - [12/Jan/2018:09:10:22 +0000] "GET /static/static/js/vendor.f21ee28d2fe1acb2f567.js HTTP/1.1" 304 -
::1 - - [12/Jan/2018:09:10:22 +0000] "GET /static/static/js/app.b393ed32a8cfaa472a9b.js HTTP/1.1" 304 -
::1 - - [12/Jan/2018:09:10:22 +0000] "GET /static/static/img/logo.cce67f8.gif HTTP/1.1" 304 -
::1 - - [12/Jan/2018:09:10:51 +0000] "POST /uploadGif HTTP/1.1" 200 200
::1 - - [12/Jan/2018:09:10:51 +0000] "GET /product/30397dbda65083a178078aad36a540a7mini-eyes_roll.gif HTTP/1.1" 200 675062
::1 - - [12/Jan/2018:09:11:04 +0000] "POST /uploadGif HTTP/1.1" 200 201
::1 - - [12/Jan/2018:09:11:04 +0000] "GET /product/c8003b0c59fe856d47d822658aa7f7femini-eyes_roll.gif HTTP/1.1" 200 1081784
::1 - - [12/Jan/2018:09:11:12 +0000] "POST /uploadGif HTTP/1.1" 200 200
::1 - - [12/Jan/2018:09:11:12 +0000] "GET /product/997206f56d4251bf099f5635bcfd7c2cmini-eyes_roll.gif HTTP/1.1" 200 948224
::1 - - [12/Jan/2018:09:11:14 +0000] "GET /product/997206f56d4251bf099f5635bcfd7c2cmini-eyes_roll.gif HTTP/1.1" 304 -
::1 - - [12/Jan/2018:09:12:33 +0000] "GET / HTTP/1.1" 304 -
::1 - - [12/Jan/2018:09:12:33 +0000] "GET /static/static/css/app.0a6a37cb257f8e043b767e423b7ea6c7.css HTTP/1.1" 304 -
::1 - - [12/Jan/2018:09:12:33 +0000] "GET /static/static/js/manifest.54397e33541d9004b38a.js HTTP/1.1" 304 -
::1 - - [12/Jan/2018:09:12:33 +0000] "GET /static/static/js/vendor.f21ee28d2fe1acb2f567.js HTTP/1.1" 304 -
::1 - - [12/Jan/2018:09:12:33 +0000] "GET /static/static/js/app.b393ed32a8cfaa472a9b.js HTTP/1.1" 304 -
::1 - - [12/Jan/2018:09:12:33 +0000] "GET /static/static/img/logo.cce67f8.gif HTTP/1.1" 304 -
::1 - - [12/Jan/2018:09:12:36 +0000] "POST /uploadGif HTTP/1.1" 200 193
::1 - - [12/Jan/2018:09:12:36 +0000] "GET /product/7a61a5b4d6befdce614b33c798276ac1mini-giphy.gif HTTP/1.1" 200 1559874
::1 - - [12/Jan/2018:09:12:47 +0000] "POST /uploadGif HTTP/1.1" 200 193
::1 - - [12/Jan/2018:09:12:47 +0000] "GET /product/044334a3578e656a0dac6e78e6175019mini-giphy.gif HTTP/1.1" 200 1444043
::1 - - [12/Jan/2018:09:15:40 +0000] "POST /uploadGif HTTP/1.1" 200 200
::1 - - [12/Jan/2018:09:15:40 +0000] "GET /product/f76aec40e4f966b7c4dbfad453a922ffmini-giphy%20(1).gif HTTP/1.1" 200 391944
::1 - - [12/Jan/2018:09:15:47 +0000] "GET / HTTP/1.1" 304 -
::1 - - [12/Jan/2018:09:15:47 +0000] "GET /static/static/css/app.0a6a37cb257f8e043b767e423b7ea6c7.css HTTP/1.1" 304 -
::1 - - [12/Jan/2018:09:15:47 +0000] "GET /static/static/js/manifest.54397e33541d9004b38a.js HTTP/1.1" 304 -
::1 - - [12/Jan/2018:09:15:47 +0000] "GET /static/static/js/vendor.f21ee28d2fe1acb2f567.js HTTP/1.1" 304 -
::1 - - [12/Jan/2018:09:15:47 +0000] "GET /static/static/js/app.b393ed32a8cfaa472a9b.js HTTP/1.1" 304 -
::1 - - [12/Jan/2018:09:15:47 +0000] "GET /static/static/img/logo.cce67f8.gif HTTP/1.1" 304 -
::1 - - [12/Jan/2018:09:15:52 +0000] "POST /uploadGif HTTP/1.1" 200 200
::1 - - [12/Jan/2018:09:15:52 +0000] "GET /product/05b4e0d9740ae91621bd118264099957mini-giphy%20(1).gif HTTP/1.1" 200 531360
::1 - - [12/Jan/2018:09:16:14 +0000] "GET /product/05b4e0d9740ae91621bd118264099957mini-giphy%20(1).gif HTTP/1.1" 304 -
::1 - - [12/Jan/2018:09:16:21 +0000] "POST /uploadGif HTTP/1.1" 200 201
::1 - - [12/Jan/2018:09:16:21 +0000] "GET /product/526a3ab08fd825f8a90564449c54d14amini-giphy%20(1).gif HTTP/1.1" 200 1101974
::1 - - [12/Jan/2018:09:16:27 +0000] "POST /uploadGif HTTP/1.1" 200 201
::1 - - [12/Jan/2018:09:16:27 +0000] "GET /product/acb08c37a05061d977554782bdeefc3emini-giphy%20(1).gif HTTP/1.1" 200 1071227
::1 - - [12/Jan/2018:09:16:33 +0000] "POST /uploadGif HTTP/1.1" 200 201
::1 - - [12/Jan/2018:09:16:33 +0000] "GET /product/fd64e2e18ce2d4b8f3fb27df54d4c9a5mini-giphy%20(1).gif HTTP/1.1" 200 1011092
::1 - - [12/Jan/2018:09:16:36 +0000] "GET /product/fd64e2e18ce2d4b8f3fb27df54d4c9a5mini-giphy%20(1).gif HTTP/1.1" 304 -
::1 - - [12/Jan/2018:09:19:01 +0000] "GET /product/fd64e2e18ce2d4b8f3fb27df54d4c9a5mini-giphy%20(1).gif HTTP/1.1" 304 -
::1 - - [12/Jan/2018:09:21:17 +0000] "POST /uploadGif HTTP/1.1" 200 193
::1 - - [12/Jan/2018:09:21:17 +0000] "GET /product/152df2e58ea24ecaad88db5fb3997381mini-giphy.gif HTTP/1.1" 200 2780546
::1 - - [12/Jan/2018:09:21:19 +0000] "GET / HTTP/1.1" 304 -
::1 - - [12/Jan/2018:09:21:19 +0000] "GET /static/static/js/manifest.54397e33541d9004b38a.js HTTP/1.1" 304 -
::1 - - [12/Jan/2018:09:21:19 +0000] "GET /static/static/js/vendor.f21ee28d2fe1acb2f567.js HTTP/1.1" 304 -
::1 - - [12/Jan/2018:09:21:19 +0000] "GET /static/static/js/app.b393ed32a8cfaa472a9b.js HTTP/1.1" 304 -
::1 - - [12/Jan/2018:09:21:19 +0000] "GET /static/static/css/app.0a6a37cb257f8e043b767e423b7ea6c7.css HTTP/1.1" 304 -
::1 - - [12/Jan/2018:09:21:20 +0000] "GET /static/static/img/logo.cce67f8.gif HTTP/1.1" 304 -
::1 - - [12/Jan/2018:09:56:31 +0000] "GET / HTTP/1.1" 200 751
::1 - - [12/Jan/2018:09:56:31 +0000] "GET /static/static/js/manifest.54397e33541d9004b38a.js HTTP/1.1" 200 1492
::1 - - [12/Jan/2018:09:56:31 +0000] "GET /static/static/js/app.b393ed32a8cfaa472a9b.js HTTP/1.1" 200 9142
::1 - - [12/Jan/2018:09:56:31 +0000] "GET /static/static/css/app.0a6a37cb257f8e043b767e423b7ea6c7.css HTTP/1.1" 200 192483
::1 - - [12/Jan/2018:09:56:31 +0000] "GET /static/static/js/vendor.f21ee28d2fe1acb2f567.js HTTP/1.1" 200 715716
::1 - - [12/Jan/2018:09:56:32 +0000] "GET /static/static/img/logo.cce67f8.gif HTTP/1.1" 200 601231
::1 - - [12/Jan/2018:09:56:32 +0000] "GET /favicon.ico HTTP/1.1" 404 33
::1 - - [12/Jan/2018:09:57:59 +0000] "GET /static/static/css/app.0a6a37cb257f8e043b767e423b7ea6c7.css HTTP/1.1" 404 33
::1 - - [12/Jan/2018:09:57:59 +0000] "GET /static/static/js/manifest.54397e33541d9004b38a.js.map HTTP/1.1" 404 33
::1 - - [12/Jan/2018:09:57:59 +0000] "GET /static/static/js/vendor.f21ee28d2fe1acb2f567.js.map HTTP/1.1" 404 33
::1 - - [12/Jan/2018:09:57:59 +0000] "GET /static/static/js/app.b393ed32a8cfaa472a9b.js.map HTTP/1.1" 404 33
::1 - - [12/Jan/2018:09:58:28 +0000] "GET / HTTP/1.1" 200 751
::1 - - [12/Jan/2018:09:58:28 +0000] "GET /static/static/js/manifest.fd5d1ddfafbff272c2cd.js HTTP/1.1" 200 1492
::1 - - [12/Jan/2018:09:58:28 +0000] "GET /static/static/js/app.845569029f6b8fe66cd2.js HTTP/1.1" 200 9042
::1 - - [12/Jan/2018:09:58:28 +0000] "GET /static/static/css/app.9135f24e90a2cd30bcfa3bedaf605836.css HTTP/1.1" 200 192483
::1 - - [12/Jan/2018:09:58:28 +0000] "GET /static/static/js/vendor.f21ee28d2fe1acb2f567.js HTTP/1.1" 200 715716
::1 - - [12/Jan/2018:09:58:28 +0000] "GET /static/static/img/logo.cce67f8.gif HTTP/1.1" 200 601231
::1 - - [12/Jan/2018:09:58:30 +0000] "GET /static/static/css/app.9135f24e90a2cd30bcfa3bedaf605836.css HTTP/1.1" 304 -
::1 - - [12/Jan/2018:09:58:30 +0000] "GET /static/static/js/manifest.fd5d1ddfafbff272c2cd.js.map HTTP/1.1" 200 7811
::1 - - [12/Jan/2018:09:58:30 +0000] "GET /static/static/js/app.845569029f6b8fe66cd2.js.map HTTP/1.1" 200 29919
::1 - - [12/Jan/2018:09:58:30 +0000] "GET /static/static/css/app.9135f24e90a2cd30bcfa3bedaf605836.css.map HTTP/1.1" 200 265564
::1 - - [12/Jan/2018:09:58:30 +0000] "GET /static/static/js/vendor.f21ee28d2fe1acb2f567.js.map HTTP/1.1" 200 2756725
::1 - - [12/Jan/2018:09:58:37 +0000] "POST /uploadGif HTTP/1.1" 200 200
::1 - - [12/Jan/2018:10:01:17 +0000] "GET / HTTP/1.1" 304 -
::1 - - [12/Jan/2018:10:01:17 +0000] "GET /static/static/css/app.9135f24e90a2cd30bcfa3bedaf605836.css HTTP/1.1" 304 -
::1 - - [12/Jan/2018:10:01:17 +0000] "GET /static/static/js/manifest.fd5d1ddfafbff272c2cd.js HTTP/1.1" 304 -
::1 - - [12/Jan/2018:10:01:17 +0000] "GET /static/static/js/vendor.f21ee28d2fe1acb2f567.js HTTP/1.1" 304 -
::1 - - [12/Jan/2018:10:01:17 +0000] "GET /static/static/js/app.845569029f6b8fe66cd2.js HTTP/1.1" 304 -
::1 - - [12/Jan/2018:10:01:17 +0000] "GET /static/static/js/manifest.fd5d1ddfafbff272c2cd.js.map HTTP/1.1" 304 -
::1 - - [12/Jan/2018:10:01:17 +0000] "GET /static/static/js/vendor.f21ee28d2fe1acb2f567.js.map HTTP/1.1" 304 -
::1 - - [12/Jan/2018:10:01:17 +0000] "GET /static/static/img/logo.cce67f8.gif HTTP/1.1" 304 -
::1 - - [12/Jan/2018:10:01:18 +0000] "GET /static/static/js/app.845569029f6b8fe66cd2.js.map HTTP/1.1" 304 -
::1 - - [12/Jan/2018:10:01:18 +0000] "GET /static/static/css/app.9135f24e90a2cd30bcfa3bedaf605836.css.map HTTP/1.1" 304 -
::1 - - [12/Jan/2018:10:01:23 +0000] "POST /uploadGif HTTP/1.1" 200 174
::1 - - [12/Jan/2018:10:01:23 +0000] "GET /product/2679d838af899ff429a75319a27cd0e6mini-giphy.gif HTTP/1.1" 200 1172595
::1 - - [12/Jan/2018:10:01:23 +0000] "GET /product/2679d838af899ff429a75319a27cd0e6mini-giphy.gif HTTP/1.1" 304 -
